  arc_hash.cpp
F:\0206\long_0406 - 복사본\0203arc_hash\0203arc_hash\arc_hash.cpp(231,12): warning C4477: 'printf' : 서식 문자열 '%d'에 'int' 형식의 인수가 필요하지만 variadic 인수 1의 형식이 'unsigned __int64'입니다.
F:\0206\long_0406 - 복사본\0203arc_hash\0203arc_hash\arc_hash.cpp(231,12): message : 서식 문자열에서 '%lld'을(를) 사용하는 것이 좋습니다.
F:\0206\long_0406 - 복사본\0203arc_hash\0203arc_hash\arc_hash.cpp(231,12): message : 서식 문자열에서 '%Id'을(를) 사용하는 것이 좋습니다.
F:\0206\long_0406 - 복사본\0203arc_hash\0203arc_hash\arc_hash.cpp(231,12): message : 서식 문자열에서 '%I64d'을(를) 사용하는 것이 좋습니다.
F:\0206\long_0406 - 복사본\0203arc_hash\0203arc_hash\arc_hash.cpp(328,18): warning C4244: '초기화 중': 'unsigned __int64'에서 'int'(으)로 변환하면서 데이터가 손실될 수 있습니다.
F:\0206\long_0406 - 복사본\0203arc_hash\0203arc_hash\arc_hash.cpp(392,12): warning C4477: 'printf' : 서식 문자열 '%d'에 'int' 형식의 인수가 필요하지만 variadic 인수 1의 형식이 'unsigned __int64'입니다.
F:\0206\long_0406 - 복사본\0203arc_hash\0203arc_hash\arc_hash.cpp(392,12): message : 서식 문자열에서 '%lld'을(를) 사용하는 것이 좋습니다.
F:\0206\long_0406 - 복사본\0203arc_hash\0203arc_hash\arc_hash.cpp(392,12): message : 서식 문자열에서 '%Id'을(를) 사용하는 것이 좋습니다.
F:\0206\long_0406 - 복사본\0203arc_hash\0203arc_hash\arc_hash.cpp(392,12): message : 서식 문자열에서 '%I64d'을(를) 사용하는 것이 좋습니다.
F:\0206\long_0406 - 복사본\0203arc_hash\0203arc_hash\arc_hash.cpp(392,12): warning C4477: 'printf' : 서식 문자열 '%d'에 'int' 형식의 인수가 필요하지만 variadic 인수 2의 형식이 'unsigned __int64'입니다.
F:\0206\long_0406 - 복사본\0203arc_hash\0203arc_hash\arc_hash.cpp(392,12): message : 서식 문자열에서 '%lld'을(를) 사용하는 것이 좋습니다.
F:\0206\long_0406 - 복사본\0203arc_hash\0203arc_hash\arc_hash.cpp(392,12): message : 서식 문자열에서 '%Id'을(를) 사용하는 것이 좋습니다.
F:\0206\long_0406 - 복사본\0203arc_hash\0203arc_hash\arc_hash.cpp(392,12): message : 서식 문자열에서 '%I64d'을(를) 사용하는 것이 좋습니다.
F:\0206\long_0406 - 복사본\0203arc_hash\0203arc_hash\arc_hash.cpp(392,12): warning C4477: 'printf' : 서식 문자열 '%d'에 'int' 형식의 인수가 필요하지만 variadic 인수 3의 형식이 'unsigned __int64'입니다.
F:\0206\long_0406 - 복사본\0203arc_hash\0203arc_hash\arc_hash.cpp(392,12): message : 서식 문자열에서 '%lld'을(를) 사용하는 것이 좋습니다.
F:\0206\long_0406 - 복사본\0203arc_hash\0203arc_hash\arc_hash.cpp(392,12): message : 서식 문자열에서 '%Id'을(를) 사용하는 것이 좋습니다.
F:\0206\long_0406 - 복사본\0203arc_hash\0203arc_hash\arc_hash.cpp(392,12): message : 서식 문자열에서 '%I64d'을(를) 사용하는 것이 좋습니다.
F:\0206\long_0406 - 복사본\0203arc_hash\0203arc_hash\arc_hash.cpp(392,12): warning C4477: 'printf' : 서식 문자열 '%d'에 'int' 형식의 인수가 필요하지만 variadic 인수 4의 형식이 'unsigned __int64'입니다.
F:\0206\long_0406 - 복사본\0203arc_hash\0203arc_hash\arc_hash.cpp(392,12): message : 서식 문자열에서 '%lld'을(를) 사용하는 것이 좋습니다.
F:\0206\long_0406 - 복사본\0203arc_hash\0203arc_hash\arc_hash.cpp(392,12): message : 서식 문자열에서 '%Id'을(를) 사용하는 것이 좋습니다.
F:\0206\long_0406 - 복사본\0203arc_hash\0203arc_hash\arc_hash.cpp(392,12): message : 서식 문자열에서 '%I64d'을(를) 사용하는 것이 좋습니다.
F:\0206\long_0406 - 복사본\0203arc_hash\0203arc_hash\arc_hash.cpp(392,12): warning C4477: 'printf' : 서식 문자열 '%d'에 'int' 형식의 인수가 필요하지만 variadic 인수 5의 형식이 'unsigned __int64'입니다.
F:\0206\long_0406 - 복사본\0203arc_hash\0203arc_hash\arc_hash.cpp(392,12): message : 서식 문자열에서 '%lld'을(를) 사용하는 것이 좋습니다.
F:\0206\long_0406 - 복사본\0203arc_hash\0203arc_hash\arc_hash.cpp(392,12): message : 서식 문자열에서 '%Id'을(를) 사용하는 것이 좋습니다.
F:\0206\long_0406 - 복사본\0203arc_hash\0203arc_hash\arc_hash.cpp(392,12): message : 서식 문자열에서 '%I64d'을(를) 사용하는 것이 좋습니다.
F:\0206\long_0406 - 복사본\0203arc_hash\0203arc_hash\arc_hash.cpp(521,15): warning C4244: '초기화 중': 'unsigned __int64'에서 'int'(으)로 변환하면서 데이터가 손실될 수 있습니다.
F:\0206\long_0406 - 복사본\0203arc_hash\0203arc_hash\arc_hash.cpp(527,18): warning C4244: '초기화 중': 'unsigned __int64'에서 'int'(으)로 변환하면서 데이터가 손실될 수 있습니다.
F:\0206\long_0406 - 복사본\0203arc_hash\0203arc_hash\arc_hash.cpp(540): warning C4715: 'h_find': 모든 제어 경로에서 값을 반환하지는 않습니다.
  0203arc_hash.vcxproj -> F:\0206\long_0406 - 복사본\0203arc_hash\x64\Debug\0203arc_hash.exe
