  lru.c
F:\0206\long_0406 - 복사본\lru_c0324\lru_c0216\lru.c(82,22): warning C4047: '함수': 'node *'의 간접 참조 수준이 'node (*)[256106]'과(와) 다릅니다.
F:\0206\long_0406 - 복사본\lru_c0324\lru_c0216\lru.c(82,15): warning C4024: 'hash_init': 형식 및 실제 매개 변수 1의 형식이 서로 다릅니다.
F:\0206\long_0406 - 복사본\lru_c0324\lru_c0216\lru.c(304,23): warning C4047: '=': 'unsigned __int64'의 간접 참조 수준이 'void *'과(와) 다릅니다.
F:\0206\long_0406 - 복사본\lru_c0324\lru_c0216\lru.c(371,31): warning C4047: '=': 'unsigned __int64'의 간접 참조 수준이 'void *'과(와) 다릅니다.
F:\0206\long_0406 - 복사본\lru_c0324\lru_c0216\lru.c(375,33): warning C4028: 정식 매개 변수 2이(가) 선언과 다릅니다.
F:\0206\long_0406 - 복사본\lru_c0324\lru_c0216\lru.c(393,35): warning C4028: 정식 매개 변수 2이(가) 선언과 다릅니다.
F:\0206\long_0406 - 복사본\lru_c0324\lru_c0216\lru.c(393,47): warning C4028: 정식 매개 변수 3이(가) 선언과 다릅니다.
F:\0206\long_0406 - 복사본\lru_c0324\lru_c0216\lru.c(393,82): warning C4029: 선언된 정식 매개 변수 목록이 정의와 다릅니다.
F:\0206\long_0406 - 복사본\lru_c0324\lru_c0216\lru.c(412,32): warning C4047: '==': 'node *'의 간접 참조 수준이 'node (*)[256106]'과(와) 다릅니다.
F:\0206\long_0406 - 복사본\lru_c0324\lru_c0216\lru.c(413,39): warning C4047: '=': 'node *'의 간접 참조 수준이 'node (*)[256106]'과(와) 다릅니다.
F:\0206\long_0406 - 복사본\lru_c0324\lru_c0216\lru.c(428,21): warning C4244: '초기화 중': 'unsigned __int64'에서 'int'(으)로 변환하면서 데이터가 손실될 수 있습니다.
F:\0206\long_0406 - 복사본\lru_c0324\lru_c0216\lru.c(434,24): warning C4244: '초기화 중': 'unsigned __int64'에서 'int'(으)로 변환하면서 데이터가 손실될 수 있습니다.
F:\0206\long_0406 - 복사본\lru_c0324\lru_c0216\lru.c(437,32): warning C4028: 정식 매개 변수 2이(가) 선언과 다릅니다.
F:\0206\long_0406 - 복사본\lru_c0324\lru_c0216\lru.c(479,30): warning C4047: '=': 'unsigned __int64'의 간접 참조 수준이 'void *'과(와) 다릅니다.
F:\0206\long_0406 - 복사본\lru_c0324\lru_c0216\lru.c(498,15): warning C4047: 'return': 'int'의 간접 참조 수준이 'node *'과(와) 다릅니다.
F:\0206\long_0406 - 복사본\lru_c0324\lru_c0216\lru.c(533,23): warning C4047: '=': 'unsigned __int64'의 간접 참조 수준이 'void *'과(와) 다릅니다.
F:\0206\long_0406 - 복사본\lru_c0324\lru_c0216\lru.c(555,36): warning C4244: '함수': 'unsigned __int64'에서 'int'(으)로 변환하면서 데이터가 손실될 수 있습니다.
F:\0206\long_0406 - 복사본\lru_c0324\lru_c0216\lru.c(560,30): warning C4244: '함수': 'unsigned __int64'에서 'int'(으)로 변환하면서 데이터가 손실될 수 있습니다.
F:\0206\long_0406 - 복사본\lru_c0324\lru_c0216\lru.c(580,35): warning C4244: '함수': 'unsigned __int64'에서 'int'(으)로 변환하면서 데이터가 손실될 수 있습니다.
F:\0206\long_0406 - 복사본\lru_c0324\lru_c0216\lru.c(592,35): warning C4244: '함수': 'unsigned __int64'에서 'int'(으)로 변환하면서 데이터가 손실될 수 있습니다.
F:\0206\long_0406 - 복사본\lru_c0324\lru_c0216\lru.c(448): warning C4715: 'h_find': 모든 제어 경로에서 값을 반환하지는 않습니다.
F:\0206\long_0406 - 복사본\lru_c0324\lru_c0216\lru.c(550): warning C4716: 's_getnode': 값을 반환해야 합니다.
  lru_c0216.vcxproj -> F:\0206\long_0406 - 복사본\lru_c0324\x64\Debug\lru_c0216.exe
