  arc_bf_hash.cpp
E:\0206\long_0406 - 복사본\arc_bf_hash\arc_bf_hash\h3.hpp(47,9): warning C4068: 알 수 없는 pragma 'GCC'
E:\0206\long_0406 - 복사본\arc_bf_hash\arc_bf_hash\h3.hpp(48,9): warning C4068: 알 수 없는 pragma 'GCC'
E:\0206\long_0406 - 복사본\arc_bf_hash\arc_bf_hash\h3.hpp(61,9): warning C4068: 알 수 없는 pragma 'GCC'
E:\0206\long_0406 - 복사본\arc_bf_hash\arc_bf_hash\arc_bf_hash.cpp(164,12): warning C4477: 'printf' : 서식 문자열 '%d'에 'int' 형식의 인수가 필요하지만 variadic 인수 1의 형식이 'unsigned __int64'입니다.
E:\0206\long_0406 - 복사본\arc_bf_hash\arc_bf_hash\arc_bf_hash.cpp(164,12): message : 서식 문자열에서 '%lld'을(를) 사용하는 것이 좋습니다.
E:\0206\long_0406 - 복사본\arc_bf_hash\arc_bf_hash\arc_bf_hash.cpp(164,12): message : 서식 문자열에서 '%Id'을(를) 사용하는 것이 좋습니다.
E:\0206\long_0406 - 복사본\arc_bf_hash\arc_bf_hash\arc_bf_hash.cpp(164,12): message : 서식 문자열에서 '%I64d'을(를) 사용하는 것이 좋습니다.
E:\0206\long_0406 - 복사본\arc_bf_hash\arc_bf_hash\arc_bf_hash.cpp(262,18): warning C4244: '초기화 중': 'unsigned __int64'에서 'int'(으)로 변환하면서 데이터가 손실될 수 있습니다.
E:\0206\long_0406 - 복사본\arc_bf_hash\arc_bf_hash\arc_bf_hash.cpp(435,15): warning C4244: '초기화 중': 'unsigned __int64'에서 'int'(으)로 변환하면서 데이터가 손실될 수 있습니다.
E:\0206\long_0406 - 복사본\arc_bf_hash\arc_bf_hash\arc_bf_hash.cpp(441,18): warning C4244: '초기화 중': 'unsigned __int64'에서 'int'(으)로 변환하면서 데이터가 손실될 수 있습니다.
E:\0206\long_0406 - 복사본\arc_bf_hash\arc_bf_hash\arc_bf_hash.cpp(473,16): warning C4477: 'printf' : 서식 문자열 '%d'에 'int' 형식의 인수가 필요하지만 variadic 인수 1의 형식이 'unsigned __int64'입니다.
E:\0206\long_0406 - 복사본\arc_bf_hash\arc_bf_hash\arc_bf_hash.cpp(473,16): message : 서식 문자열에서 '%lld'을(를) 사용하는 것이 좋습니다.
E:\0206\long_0406 - 복사본\arc_bf_hash\arc_bf_hash\arc_bf_hash.cpp(473,16): message : 서식 문자열에서 '%Id'을(를) 사용하는 것이 좋습니다.
E:\0206\long_0406 - 복사본\arc_bf_hash\arc_bf_hash\arc_bf_hash.cpp(473,16): message : 서식 문자열에서 '%I64d'을(를) 사용하는 것이 좋습니다.
E:\0206\long_0406 - 복사본\arc_bf_hash\arc_bf_hash\arc_bf_hash.cpp(481,16): warning C4477: 'printf' : 서식 문자열 '%d'에 'int' 형식의 인수가 필요하지만 variadic 인수 1의 형식이 'unsigned __int64'입니다.
E:\0206\long_0406 - 복사본\arc_bf_hash\arc_bf_hash\arc_bf_hash.cpp(481,16): message : 서식 문자열에서 '%lld'을(를) 사용하는 것이 좋습니다.
E:\0206\long_0406 - 복사본\arc_bf_hash\arc_bf_hash\arc_bf_hash.cpp(481,16): message : 서식 문자열에서 '%Id'을(를) 사용하는 것이 좋습니다.
E:\0206\long_0406 - 복사본\arc_bf_hash\arc_bf_hash\arc_bf_hash.cpp(481,16): message : 서식 문자열에서 '%I64d'을(를) 사용하는 것이 좋습니다.
E:\0206\long_0406 - 복사본\arc_bf_hash\arc_bf_hash\arc_bf_hash.cpp(519,31): warning C4267: '=': 'size_t'에서 'int'(으)로 변환하면서 데이터가 손실될 수 있습니다.
E:\0206\long_0406 - 복사본\arc_bf_hash\arc_bf_hash\arc_bf_hash.cpp(520,31): warning C4267: '=': 'size_t'에서 'int'(으)로 변환하면서 데이터가 손실될 수 있습니다.
E:\0206\long_0406 - 복사본\arc_bf_hash\arc_bf_hash\arc_bf_hash.cpp(542,17): warning C4804: '>': 연산에 'bool' 형식을 사용하는 것은 안전하지 않습니다.
E:\0206\long_0406 - 복사본\arc_bf_hash\arc_bf_hash\arc_bf_hash.cpp(555,17): warning C4804: '>': 연산에 'bool' 형식을 사용하는 것은 안전하지 않습니다.
E:\0206\long_0406 - 복사본\arc_bf_hash\arc_bf_hash\arc_bf_hash.cpp(454): warning C4715: 'h_find': 모든 제어 경로에서 값을 반환하지는 않습니다.
  arc_bf_hash.vcxproj -> E:\0206\long_0406 - 복사본\arc_bf_hash\x64\Debug\arc_bf_hash.exe
