  2q_c.c
F:\0206\long_0406 - 복사본\12 22 2q_c\12 22 2q_c\2q_c.c(263,12): warning C4477: 'printf' : 서식 문자열 '%llu'에 'unsigned __int64' 형식의 인수가 필요하지만 variadic 인수 1의 형식이 'int'입니다.
F:\0206\long_0406 - 복사본\12 22 2q_c\12 22 2q_c\2q_c.c(263,12): message : 서식 문자열에서 '%u'을(를) 사용하는 것이 좋습니다.
F:\0206\long_0406 - 복사본\12 22 2q_c\12 22 2q_c\2q_c.c(263,12): message : 서식 문자열에서 '%I32u'을(를) 사용하는 것이 좋습니다.
F:\0206\long_0406 - 복사본\12 22 2q_c\12 22 2q_c\2q_c.c(273,18): warning C4477: 'fprintf' : 서식 문자열 '%d'에 'int' 형식의 인수가 필요하지만 variadic 인수 1의 형식이 'unsigned __int64'입니다.
F:\0206\long_0406 - 복사본\12 22 2q_c\12 22 2q_c\2q_c.c(273,18): message : 서식 문자열에서 '%lld'을(를) 사용하는 것이 좋습니다.
F:\0206\long_0406 - 복사본\12 22 2q_c\12 22 2q_c\2q_c.c(273,18): message : 서식 문자열에서 '%Id'을(를) 사용하는 것이 좋습니다.
F:\0206\long_0406 - 복사본\12 22 2q_c\12 22 2q_c\2q_c.c(273,18): message : 서식 문자열에서 '%I64d'을(를) 사용하는 것이 좋습니다.
F:\0206\long_0406 - 복사본\12 22 2q_c\12 22 2q_c\2q_c.c(274,18): warning C4477: 'fprintf' : 서식 문자열 '%d'에 'int' 형식의 인수가 필요하지만 variadic 인수 1의 형식이 'unsigned __int64'입니다.
F:\0206\long_0406 - 복사본\12 22 2q_c\12 22 2q_c\2q_c.c(274,18): message : 서식 문자열에서 '%lld'을(를) 사용하는 것이 좋습니다.
F:\0206\long_0406 - 복사본\12 22 2q_c\12 22 2q_c\2q_c.c(274,18): message : 서식 문자열에서 '%Id'을(를) 사용하는 것이 좋습니다.
F:\0206\long_0406 - 복사본\12 22 2q_c\12 22 2q_c\2q_c.c(274,18): message : 서식 문자열에서 '%I64d'을(를) 사용하는 것이 좋습니다.
F:\0206\long_0406 - 복사본\12 22 2q_c\12 22 2q_c\2q_c.c(275,18): warning C4477: 'fprintf' : 서식 문자열 '%d'에 'int' 형식의 인수가 필요하지만 variadic 인수 1의 형식이 'unsigned __int64'입니다.
F:\0206\long_0406 - 복사본\12 22 2q_c\12 22 2q_c\2q_c.c(275,18): message : 서식 문자열에서 '%lld'을(를) 사용하는 것이 좋습니다.
F:\0206\long_0406 - 복사본\12 22 2q_c\12 22 2q_c\2q_c.c(275,18): message : 서식 문자열에서 '%Id'을(를) 사용하는 것이 좋습니다.
F:\0206\long_0406 - 복사본\12 22 2q_c\12 22 2q_c\2q_c.c(275,18): message : 서식 문자열에서 '%I64d'을(를) 사용하는 것이 좋습니다.
F:\0206\long_0406 - 복사본\12 22 2q_c\12 22 2q_c\2q_c.c(276,18): warning C4477: 'fprintf' : 서식 문자열 '%d'에 'int' 형식의 인수가 필요하지만 variadic 인수 1의 형식이 'unsigned __int64'입니다.
F:\0206\long_0406 - 복사본\12 22 2q_c\12 22 2q_c\2q_c.c(276,18): message : 서식 문자열에서 '%lld'을(를) 사용하는 것이 좋습니다.
F:\0206\long_0406 - 복사본\12 22 2q_c\12 22 2q_c\2q_c.c(276,18): message : 서식 문자열에서 '%Id'을(를) 사용하는 것이 좋습니다.
F:\0206\long_0406 - 복사본\12 22 2q_c\12 22 2q_c\2q_c.c(276,18): message : 서식 문자열에서 '%I64d'을(를) 사용하는 것이 좋습니다.
F:\0206\long_0406 - 복사본\12 22 2q_c\12 22 2q_c\2q_c.c(285,23): warning C4047: '=': 'unsigned __int64'의 간접 참조 수준이 'void *'과(와) 다릅니다.
F:\0206\long_0406 - 복사본\12 22 2q_c\12 22 2q_c\2q_c.c(359,24): warning C4244: '초기화 중': 'unsigned __int64'에서 'int'(으)로 변환하면서 데이터가 손실될 수 있습니다.
F:\0206\long_0406 - 복사본\12 22 2q_c\12 22 2q_c\2q_c.c(386,16): warning C4477: 'printf' : 서식 문자열 '%d'에 'int' 형식의 인수가 필요하지만 variadic 인수 1의 형식이 'unsigned __int64'입니다.
F:\0206\long_0406 - 복사본\12 22 2q_c\12 22 2q_c\2q_c.c(386,16): message : 서식 문자열에서 '%lld'을(를) 사용하는 것이 좋습니다.
F:\0206\long_0406 - 복사본\12 22 2q_c\12 22 2q_c\2q_c.c(386,16): message : 서식 문자열에서 '%Id'을(를) 사용하는 것이 좋습니다.
F:\0206\long_0406 - 복사본\12 22 2q_c\12 22 2q_c\2q_c.c(386,16): message : 서식 문자열에서 '%I64d'을(를) 사용하는 것이 좋습니다.
F:\0206\long_0406 - 복사본\12 22 2q_c\12 22 2q_c\2q_c.c(396,16): warning C4477: 'printf' : 서식 문자열 '%d'에 'int' 형식의 인수가 필요하지만 variadic 인수 1의 형식이 'unsigned __int64'입니다.
F:\0206\long_0406 - 복사본\12 22 2q_c\12 22 2q_c\2q_c.c(396,16): message : 서식 문자열에서 '%lld'을(를) 사용하는 것이 좋습니다.
F:\0206\long_0406 - 복사본\12 22 2q_c\12 22 2q_c\2q_c.c(396,16): message : 서식 문자열에서 '%Id'을(를) 사용하는 것이 좋습니다.
F:\0206\long_0406 - 복사본\12 22 2q_c\12 22 2q_c\2q_c.c(396,16): message : 서식 문자열에서 '%I64d'을(를) 사용하는 것이 좋습니다.
F:\0206\long_0406 - 복사본\12 22 2q_c\12 22 2q_c\2q_c.c(413,12): warning C4477: 'printf' : 서식 문자열 '%d'에 'int' 형식의 인수가 필요하지만 variadic 인수 1의 형식이 'unsigned __int64'입니다.
F:\0206\long_0406 - 복사본\12 22 2q_c\12 22 2q_c\2q_c.c(413,12): message : 서식 문자열에서 '%lld'을(를) 사용하는 것이 좋습니다.
F:\0206\long_0406 - 복사본\12 22 2q_c\12 22 2q_c\2q_c.c(413,12): message : 서식 문자열에서 '%Id'을(를) 사용하는 것이 좋습니다.
F:\0206\long_0406 - 복사본\12 22 2q_c\12 22 2q_c\2q_c.c(413,12): message : 서식 문자열에서 '%I64d'을(를) 사용하는 것이 좋습니다.
F:\0206\long_0406 - 복사본\12 22 2q_c\12 22 2q_c\2q_c.c(414,12): warning C4477: 'printf' : 서식 문자열 '%d'에 'int' 형식의 인수가 필요하지만 variadic 인수 1의 형식이 'unsigned __int64'입니다.
F:\0206\long_0406 - 복사본\12 22 2q_c\12 22 2q_c\2q_c.c(414,12): message : 서식 문자열에서 '%lld'을(를) 사용하는 것이 좋습니다.
F:\0206\long_0406 - 복사본\12 22 2q_c\12 22 2q_c\2q_c.c(414,12): message : 서식 문자열에서 '%Id'을(를) 사용하는 것이 좋습니다.
F:\0206\long_0406 - 복사본\12 22 2q_c\12 22 2q_c\2q_c.c(414,12): message : 서식 문자열에서 '%I64d'을(를) 사용하는 것이 좋습니다.
F:\0206\long_0406 - 복사본\12 22 2q_c\12 22 2q_c\2q_c.c(415,12): warning C4477: 'printf' : 서식 문자열 '%d'에 'int' 형식의 인수가 필요하지만 variadic 인수 1의 형식이 'unsigned __int64'입니다.
F:\0206\long_0406 - 복사본\12 22 2q_c\12 22 2q_c\2q_c.c(415,12): message : 서식 문자열에서 '%lld'을(를) 사용하는 것이 좋습니다.
F:\0206\long_0406 - 복사본\12 22 2q_c\12 22 2q_c\2q_c.c(415,12): message : 서식 문자열에서 '%Id'을(를) 사용하는 것이 좋습니다.
F:\0206\long_0406 - 복사본\12 22 2q_c\12 22 2q_c\2q_c.c(415,12): message : 서식 문자열에서 '%I64d'을(를) 사용하는 것이 좋습니다.
F:\0206\long_0406 - 복사본\12 22 2q_c\12 22 2q_c\2q_c.c(416,12): warning C4477: 'printf' : 서식 문자열 '%d'에 'int' 형식의 인수가 필요하지만 variadic 인수 1의 형식이 'unsigned __int64'입니다.
F:\0206\long_0406 - 복사본\12 22 2q_c\12 22 2q_c\2q_c.c(416,12): message : 서식 문자열에서 '%lld'을(를) 사용하는 것이 좋습니다.
F:\0206\long_0406 - 복사본\12 22 2q_c\12 22 2q_c\2q_c.c(416,12): message : 서식 문자열에서 '%Id'을(를) 사용하는 것이 좋습니다.
F:\0206\long_0406 - 복사본\12 22 2q_c\12 22 2q_c\2q_c.c(416,12): message : 서식 문자열에서 '%I64d'을(를) 사용하는 것이 좋습니다.
F:\0206\long_0406 - 복사본\12 22 2q_c\12 22 2q_c\2q_c.c(431,30): warning C4047: '=': 'unsigned __int64'의 간접 참조 수준이 'void *'과(와) 다릅니다.
F:\0206\long_0406 - 복사본\12 22 2q_c\12 22 2q_c\2q_c.c(450,15): warning C4047: 'return': 'int'의 간접 참조 수준이 'node *'과(와) 다릅니다.
F:\0206\long_0406 - 복사본\12 22 2q_c\12 22 2q_c\2q_c.c(485,23): warning C4047: '=': 'unsigned __int64'의 간접 참조 수준이 'void *'과(와) 다릅니다.
F:\0206\long_0406 - 복사본\12 22 2q_c\12 22 2q_c\2q_c.c(508,31): warning C4047: '=': 'unsigned __int64'의 간접 참조 수준이 'void *'과(와) 다릅니다.
F:\0206\long_0406 - 복사본\12 22 2q_c\12 22 2q_c\2q_c.c(550,21): warning C4244: '초기화 중': 'unsigned __int64'에서 'int'(으)로 변환하면서 데이터가 손실될 수 있습니다.
F:\0206\long_0406 - 복사본\12 22 2q_c\12 22 2q_c\2q_c.c(556,24): warning C4244: '초기화 중': 'unsigned __int64'에서 'int'(으)로 변환하면서 데이터가 손실될 수 있습니다.
F:\0206\long_0406 - 복사본\12 22 2q_c\12 22 2q_c\2q_c.c(611,39): warning C4047: '함수': 'node *'의 간접 참조 수준이 'node (*)[894784]'과(와) 다릅니다.
F:\0206\long_0406 - 복사본\12 22 2q_c\12 22 2q_c\2q_c.c(611,26): warning C4024: 'h_find': 형식 및 실제 매개 변수 1의 형식이 서로 다릅니다.
F:\0206\long_0406 - 복사본\12 22 2q_c\12 22 2q_c\2q_c.c(627,20): warning C4047: 'return': 'int'의 간접 참조 수준이 'void *'과(와) 다릅니다.
F:\0206\long_0406 - 복사본\12 22 2q_c\12 22 2q_c\2q_c.c(502): warning C4716: 's_getnode': 값을 반환해야 합니다.
F:\0206\long_0406 - 복사본\12 22 2q_c\12 22 2q_c\2q_c.c(569): warning C4715: 'h_find': 모든 제어 경로에서 값을 반환하지는 않습니다.
F:\0206\long_0406 - 복사본\12 22 2q_c\12 22 2q_c\2q_c.c(675): warning C4715: 'ref': 모든 제어 경로에서 값을 반환하지는 않습니다.
  12 22 2q_c.vcxproj -> F:\0206\long_0406 - 복사본\12 22 2q_c\x64\Debug\12 22 2q_c.exe
