  2q_bf.cpp
E:\0206\long_0406 - 복사본\12_27_2q_bf\12_27_2q_bf\h3.hpp(47,9): warning C4068: 알 수 없는 pragma 'GCC'
E:\0206\long_0406 - 복사본\12_27_2q_bf\12_27_2q_bf\h3.hpp(48,9): warning C4068: 알 수 없는 pragma 'GCC'
E:\0206\long_0406 - 복사본\12_27_2q_bf\12_27_2q_bf\h3.hpp(61,9): warning C4068: 알 수 없는 pragma 'GCC'
E:\0206\long_0406 - 복사본\12_27_2q_bf\12_27_2q_bf\2q_bf.cpp(170,12): warning C4477: 'printf' : 서식 문자열 '%llu'에 'unsigned __int64' 형식의 인수가 필요하지만 variadic 인수 1의 형식이 'int'입니다.
E:\0206\long_0406 - 복사본\12_27_2q_bf\12_27_2q_bf\2q_bf.cpp(170,12): message : 서식 문자열에서 '%u'을(를) 사용하는 것이 좋습니다.
E:\0206\long_0406 - 복사본\12_27_2q_bf\12_27_2q_bf\2q_bf.cpp(170,12): message : 서식 문자열에서 '%I32u'을(를) 사용하는 것이 좋습니다.
E:\0206\long_0406 - 복사본\12_27_2q_bf\12_27_2q_bf\2q_bf.cpp(177,18): warning C4477: 'fprintf' : 서식 문자열 '%d'에 'int' 형식의 인수가 필요하지만 variadic 인수 1의 형식이 'unsigned __int64'입니다.
E:\0206\long_0406 - 복사본\12_27_2q_bf\12_27_2q_bf\2q_bf.cpp(177,18): message : 서식 문자열에서 '%lld'을(를) 사용하는 것이 좋습니다.
E:\0206\long_0406 - 복사본\12_27_2q_bf\12_27_2q_bf\2q_bf.cpp(177,18): message : 서식 문자열에서 '%Id'을(를) 사용하는 것이 좋습니다.
E:\0206\long_0406 - 복사본\12_27_2q_bf\12_27_2q_bf\2q_bf.cpp(177,18): message : 서식 문자열에서 '%I64d'을(를) 사용하는 것이 좋습니다.
E:\0206\long_0406 - 복사본\12_27_2q_bf\12_27_2q_bf\2q_bf.cpp(178,18): warning C4477: 'fprintf' : 서식 문자열 '%d'에 'int' 형식의 인수가 필요하지만 variadic 인수 1의 형식이 'unsigned __int64'입니다.
E:\0206\long_0406 - 복사본\12_27_2q_bf\12_27_2q_bf\2q_bf.cpp(178,18): message : 서식 문자열에서 '%lld'을(를) 사용하는 것이 좋습니다.
E:\0206\long_0406 - 복사본\12_27_2q_bf\12_27_2q_bf\2q_bf.cpp(178,18): message : 서식 문자열에서 '%Id'을(를) 사용하는 것이 좋습니다.
E:\0206\long_0406 - 복사본\12_27_2q_bf\12_27_2q_bf\2q_bf.cpp(178,18): message : 서식 문자열에서 '%I64d'을(를) 사용하는 것이 좋습니다.
E:\0206\long_0406 - 복사본\12_27_2q_bf\12_27_2q_bf\2q_bf.cpp(179,18): warning C4477: 'fprintf' : 서식 문자열 '%d'에 'int' 형식의 인수가 필요하지만 variadic 인수 1의 형식이 'unsigned __int64'입니다.
E:\0206\long_0406 - 복사본\12_27_2q_bf\12_27_2q_bf\2q_bf.cpp(179,18): message : 서식 문자열에서 '%lld'을(를) 사용하는 것이 좋습니다.
E:\0206\long_0406 - 복사본\12_27_2q_bf\12_27_2q_bf\2q_bf.cpp(179,18): message : 서식 문자열에서 '%Id'을(를) 사용하는 것이 좋습니다.
E:\0206\long_0406 - 복사본\12_27_2q_bf\12_27_2q_bf\2q_bf.cpp(179,18): message : 서식 문자열에서 '%I64d'을(를) 사용하는 것이 좋습니다.
E:\0206\long_0406 - 복사본\12_27_2q_bf\12_27_2q_bf\2q_bf.cpp(279,18): warning C4244: '초기화 중': 'unsigned __int64'에서 'int'(으)로 변환하면서 데이터가 손실될 수 있습니다.
E:\0206\long_0406 - 복사본\12_27_2q_bf\12_27_2q_bf\2q_bf.cpp(287,16): warning C4477: 'printf' : 서식 문자열 '%d'에 'int' 형식의 인수가 필요하지만 variadic 인수 1의 형식이 'unsigned __int64'입니다.
E:\0206\long_0406 - 복사본\12_27_2q_bf\12_27_2q_bf\2q_bf.cpp(287,16): message : 서식 문자열에서 '%lld'을(를) 사용하는 것이 좋습니다.
E:\0206\long_0406 - 복사본\12_27_2q_bf\12_27_2q_bf\2q_bf.cpp(287,16): message : 서식 문자열에서 '%Id'을(를) 사용하는 것이 좋습니다.
E:\0206\long_0406 - 복사본\12_27_2q_bf\12_27_2q_bf\2q_bf.cpp(287,16): message : 서식 문자열에서 '%I64d'을(를) 사용하는 것이 좋습니다.
E:\0206\long_0406 - 복사본\12_27_2q_bf\12_27_2q_bf\2q_bf.cpp(295,16): warning C4477: 'printf' : 서식 문자열 '%d'에 'int' 형식의 인수가 필요하지만 variadic 인수 1의 형식이 'unsigned __int64'입니다.
E:\0206\long_0406 - 복사본\12_27_2q_bf\12_27_2q_bf\2q_bf.cpp(295,16): message : 서식 문자열에서 '%lld'을(를) 사용하는 것이 좋습니다.
E:\0206\long_0406 - 복사본\12_27_2q_bf\12_27_2q_bf\2q_bf.cpp(295,16): message : 서식 문자열에서 '%Id'을(를) 사용하는 것이 좋습니다.
E:\0206\long_0406 - 복사본\12_27_2q_bf\12_27_2q_bf\2q_bf.cpp(295,16): message : 서식 문자열에서 '%I64d'을(를) 사용하는 것이 좋습니다.
E:\0206\long_0406 - 복사본\12_27_2q_bf\12_27_2q_bf\2q_bf.cpp(302,12): warning C4477: 'printf' : 서식 문자열 '%d'에 'int' 형식의 인수가 필요하지만 variadic 인수 1의 형식이 'size_t'입니다.
E:\0206\long_0406 - 복사본\12_27_2q_bf\12_27_2q_bf\2q_bf.cpp(302,12): message : 서식 문자열에서 '%zd'을(를) 사용하는 것이 좋습니다.
E:\0206\long_0406 - 복사본\12_27_2q_bf\12_27_2q_bf\2q_bf.cpp(453,15): warning C4244: '초기화 중': 'unsigned __int64'에서 'int'(으)로 변환하면서 데이터가 손실될 수 있습니다.
E:\0206\long_0406 - 복사본\12_27_2q_bf\12_27_2q_bf\2q_bf.cpp(459,18): warning C4244: '초기화 중': 'unsigned __int64'에서 'int'(으)로 변환하면서 데이터가 손실될 수 있습니다.
E:\0206\long_0406 - 복사본\12_27_2q_bf\12_27_2q_bf\2q_bf.cpp(487,35): warning C4267: '=': 'size_t'에서 'int'(으)로 변환하면서 데이터가 손실될 수 있습니다.
E:\0206\long_0406 - 복사본\12_27_2q_bf\12_27_2q_bf\2q_bf.cpp(472): warning C4715: 'h_find': 모든 제어 경로에서 값을 반환하지는 않습니다.
E:\0206\long_0406 - 복사본\12_27_2q_bf\12_27_2q_bf\2q_bf.cpp(545): warning C4715: 'ref': 모든 제어 경로에서 값을 반환하지는 않습니다.
  12_27_2q_bf.vcxproj -> E:\0206\long_0406 - 복사본\12_27_2q_bf\x64\Debug\12_27_2q_bf.exe
